
2020-05-25 11:55:57...installerHook: Info: custom/install/install_hooks.php not present, no custom hooks to execute
2020-05-25 11:56:06...Begin System Check Process *************
2020-05-25 11:56:06...XML Parsing Support Found
2020-05-25 11:56:06...MBString Support Found
2020-05-25 11:56:06...ZIP Support Found
2020-05-25 11:56:06.../custom directory and subdirectory check passed
2020-05-25 11:56:06...cache directory and subdirectory check passed
2020-05-25 11:56:06.../module  directory and subdirectory check passed
2020-05-25 11:56:06.../upload directory check passed
2020-05-25 11:56:06.../zip check passed
2020-05-25 11:56:06...PCRE version check passed
2020-05-25 11:56:06...installerHook: Info: custom/install/install_hooks.php not present, no custom hooks to execute
2020-05-25 11:56:06...php.ini location found. /etc/php/7.2/apache2/php.ini
2020-05-25 11:56:06...Outputting HTML for System check
2020-05-25 11:56:06...No Errors were found *************
2020-05-25 11:56:07...installerHook: Info: custom/install/install_hooks.php not present, no custom hooks to execute
2020-05-25 11:56:11...installerHook: Info: custom/install/install_hooks.php not present, no custom hooks to execute
2020-05-25 11:56:22...Begin DB Check Process *************
2020-05-25 11:56:22...testing with mysql:mysqli
2020-05-25 11:56:22...Basic form info is valid, continuing Process.
2020-05-25 11:56:22...Testing user account...
2020-05-25 11:56:22...ERROR::  The provided database host, username, and/or password is invalid, and a connection to the database could not be established. Please enter a valid host, username and password
2020-05-25 11:56:22...FATAL:: errors have been detected!  User will not be allowed to continue.  Errors are as follow:
2020-05-25 11:56:22..... The provided database host, username, and/or password is invalid, and a connection to the database could not be established. Please enter a valid host, username and password
2020-05-25 11:56:22...End DB Check Process *************
2020-05-25 11:56:55...Begin DB Check Process *************
2020-05-25 11:56:55...testing with mysql:mysqli
2020-05-25 11:56:55...Basic form info is valid, continuing Process.
2020-05-25 11:56:55...Testing priviliged account...
2020-05-25 11:56:55...ERROR::  The provided database host, username, and/or password is invalid, and a connection to the database could not be established. Please enter a valid host, username and password
2020-05-25 11:56:55...FATAL:: errors have been detected!  User will not be allowed to continue.  Errors are as follow:
2020-05-25 11:56:55..... The provided database host, username, and/or password is invalid, and a connection to the database could not be established. Please enter a valid host, username and password
2020-05-25 11:56:55...End DB Check Process *************
2020-05-25 11:57:08...Begin DB Check Process *************
2020-05-25 11:57:08...testing with mysql:mysqli
2020-05-25 11:57:08...Basic form info is valid, continuing Process.
2020-05-25 11:57:08...Testing user account...
2020-05-25 11:57:08...ERROR::  The provided database host, username, and/or password is invalid, and a connection to the database could not be established. Please enter a valid host, username and password
2020-05-25 11:57:08...FATAL:: errors have been detected!  User will not be allowed to continue.  Errors are as follow:
2020-05-25 11:57:08..... The provided database host, username, and/or password is invalid, and a connection to the database could not be established. Please enter a valid host, username and password
2020-05-25 11:57:08...End DB Check Process *************
2020-05-25 11:57:24...Begin DB Check Process *************
2020-05-25 11:57:24...testing with mysql:mysqli
2020-05-25 11:57:24...Basic form info is valid, continuing Process.
2020-05-25 11:57:24...Testing user account...
2020-05-25 11:57:24...ERROR::  The provided database host, username, and/or password is invalid, and a connection to the database could not be established. Please enter a valid host, username and password
2020-05-25 11:57:24...FATAL:: errors have been detected!  User will not be allowed to continue.  Errors are as follow:
2020-05-25 11:57:24..... The provided database host, username, and/or password is invalid, and a connection to the database could not be established. Please enter a valid host, username and password
2020-05-25 11:57:24...End DB Check Process *************
2020-05-25 11:57:39...Begin DB Check Process *************
2020-05-25 11:57:39...testing with mysql:mysqli
2020-05-25 11:57:39...Basic form info is valid, continuing Process.
2020-05-25 11:57:39...Testing user account...
2020-05-25 11:57:39...ERROR::  The provided database host, username, and/or password is invalid, and a connection to the database could not be established. Please enter a valid host, username and password
2020-05-25 11:57:39...FATAL:: errors have been detected!  User will not be allowed to continue.  Errors are as follow:
2020-05-25 11:57:39..... The provided database host, username, and/or password is invalid, and a connection to the database could not be established. Please enter a valid host, username and password
2020-05-25 11:57:39...End DB Check Process *************
2020-05-25 11:57:47...Begin DB Check Process *************
2020-05-25 11:57:47...testing with mysql:mysqli
2020-05-25 11:57:47...Basic form info is valid, continuing Process.
2020-05-25 11:57:47...Testing priviliged account...
2020-05-25 11:57:47...ERROR::  The provided database host, username, and/or password is invalid, and a connection to the database could not be established. Please enter a valid host, username and password
2020-05-25 11:57:47...FATAL:: errors have been detected!  User will not be allowed to continue.  Errors are as follow:
2020-05-25 11:57:47..... The provided database host, username, and/or password is invalid, and a connection to the database could not be established. Please enter a valid host, username and password
2020-05-25 11:57:47...End DB Check Process *************
2020-05-25 12:07:27...installerHook: Info: custom/install/install_hooks.php not present, no custom hooks to execute
2020-05-25 12:08:58...Begin DB Check Process *************
2020-05-25 12:08:58...testing with mysql:mysqli
2020-05-25 12:08:58...Basic form info is valid, continuing Process.
2020-05-25 12:08:58...Testing user account...
2020-05-25 12:08:58...Connection made using  host: localhost, usr: suitecrmuser
2020-05-25 12:08:58...SUCCESS:: no errors detected!
2020-05-25 12:08:58...End DB Check Process *************
2020-05-25 12:08:58...installerHook: Info: custom/install/install_hooks.php not present, no custom hooks to execute
2020-05-25 12:10:29...Begin DB Check Process *************
2020-05-25 12:10:29...testing with mysql:mysqli
2020-05-25 12:10:29...Basic form info is valid, continuing Process.
2020-05-25 12:10:29...Testing user account...
2020-05-25 12:10:29...Connection made using  host: localhost, usr: suitecrmuser
2020-05-25 12:10:29...SUCCESS:: no errors detected!
2020-05-25 12:10:29...End DB Check Process *************
2020-05-25 12:10:29...installerHook: Info: custom/install/install_hooks.php not present, no custom hooks to execute
2020-05-25 12:10:54...Begin DB Check Process *************
2020-05-25 12:10:54...testing with mysql:mysqli
2020-05-25 12:10:54...Basic form info is valid, continuing Process.
2020-05-25 12:10:54...Testing user account...
2020-05-25 12:10:54...Connection made using  host: localhost, usr: suitecrmuser
2020-05-25 12:10:54...SUCCESS:: no errors detected!
2020-05-25 12:10:54...End DB Check Process *************
2020-05-25 12:10:54...installerHook: Info: custom/install/install_hooks.php not present, no custom hooks to execute
2020-05-25 12:15:37...Begin DB Check Process *************
2020-05-25 12:15:37...testing with mysql:mysqli
2020-05-25 12:15:37...Basic form info is valid, continuing Process.
2020-05-25 12:15:37...Testing user account...
2020-05-25 12:15:37...Connection made using  host: localhost, usr: suitecrmuser
2020-05-25 12:15:37...SUCCESS:: no errors detected!
2020-05-25 12:15:37...End DB Check Process *************
2020-05-25 12:15:37...installerHook: Info: custom/install/install_hooks.php not present, no custom hooks to execute
2020-05-25 12:15:51...Begin DB Check Process *************
2020-05-25 12:15:51...testing with mysql:mysqli
2020-05-25 12:15:51...Basic form info is valid, continuing Process.
2020-05-25 12:15:51...Testing user account...
2020-05-25 12:15:51...Connection made using  host: localhost, usr: suitecrmuser
2020-05-25 12:15:51...SUCCESS:: no errors detected!
2020-05-25 12:15:51...End DB Check Process *************
2020-05-25 12:15:51...installerHook: Info: custom/install/install_hooks.php not present, no custom hooks to execute
2020-05-25 12:15:51...calling handleSugarConfig()
2020-05-25 12:15:51...calling handleHtaccess()
2020-05-25 12:15:51...calling handleDbCreateDatabase()
2020-05-25 12:15:52...looping through all the Beans and create their tables
2020-05-25 12:15:52...processing table acl_actions
2020-05-25 12:15:52...creating table acl_actions
2020-05-25 12:15:52...creating Relationship Meta for ACLAction
2020-05-25 12:15:52...processing table acl_roles
2020-05-25 12:15:52...creating table acl_roles
2020-05-25 12:15:52...creating Relationship Meta for ACLRole
2020-05-25 12:15:52...processing table relationships
2020-05-25 12:15:52...creating table relationships
2020-05-25 12:15:52...creating Relationship Meta for Relationship
2020-05-25 12:15:52...processing table leads
2020-05-25 12:15:52...creating table leads
2020-05-25 12:15:52...creating Relationship Meta for Lead
2020-05-25 12:15:52...processing table cases
2020-05-25 12:15:52...creating table cases
2020-05-25 12:15:52...creating Relationship Meta for Case
2020-05-25 12:15:52...processing table bugs
2020-05-25 12:15:52...creating table bugs
2020-05-25 12:15:52...creating Relationship Meta for Bug
2020-05-25 12:15:52...processing table users
2020-05-25 12:15:52...creating table users
2020-05-25 12:15:52...creating Relationship Meta for User
2020-05-25 12:15:52...processing table campaign_log
2020-05-25 12:15:53...creating table campaign_log
2020-05-25 12:15:53...creating Relationship Meta for CampaignLog
2020-05-25 12:15:53...processing table project
2020-05-25 12:15:53...creating table project
2020-05-25 12:15:53...creating Relationship Meta for Project
2020-05-25 12:15:53...processing table project_task
2020-05-25 12:15:53...creating table project_task
2020-05-25 12:15:53...creating Relationship Meta for ProjectTask
2020-05-25 12:15:53...processing table campaigns
2020-05-25 12:15:53...creating table campaigns
2020-05-25 12:15:53...creating Relationship Meta for Campaign
2020-05-25 12:15:53...processing table prospect_lists
2020-05-25 12:15:53...creating table prospect_lists
2020-05-25 12:15:53...creating Relationship Meta for ProspectList
2020-05-25 12:15:53...processing table prospects
2020-05-25 12:15:53...creating table prospects
2020-05-25 12:15:53...creating Relationship Meta for Prospect
2020-05-25 12:15:53...processing table email_marketing
2020-05-25 12:15:53...creating table email_marketing
2020-05-25 12:15:53...creating Relationship Meta for EmailMarketing
2020-05-25 12:15:53...processing table campaign_trkrs
2020-05-25 12:15:53...creating table campaign_trkrs
2020-05-25 12:15:53...creating Relationship Meta for CampaignTracker
2020-05-25 12:15:53...processing table releases
2020-05-25 12:15:53...creating table releases
2020-05-25 12:15:53...creating Relationship Meta for Release
2020-05-25 12:15:53...processing table emailman
2020-05-25 12:15:54...creating table emailman
2020-05-25 12:15:54...creating Relationship Meta for EmailMan
2020-05-25 12:15:54...processing table schedulers
2020-05-25 12:15:54...creating table schedulers
2020-05-25 12:15:54...creating Relationship Meta for Scheduler
2020-05-25 12:15:54...processing table job_queue
2020-05-25 12:15:54...creating table job_queue
2020-05-25 12:15:54...creating Relationship Meta for SchedulersJob
2020-05-25 12:15:54...processing table contacts
2020-05-25 12:15:54...creating table contacts
2020-05-25 12:15:54...creating Relationship Meta for Contact
2020-05-25 12:15:54...processing table accounts
2020-05-25 12:15:54...creating table accounts
2020-05-25 12:15:54...creating Relationship Meta for Account
2020-05-25 12:15:54...processing table opportunities
2020-05-25 12:15:54...creating table opportunities
2020-05-25 12:15:54...creating Relationship Meta for Opportunity
2020-05-25 12:15:54...processing table email_templates
2020-05-25 12:15:54...creating table email_templates
2020-05-25 12:15:54...creating Relationship Meta for EmailTemplate
2020-05-25 12:15:54...processing table notes
2020-05-25 12:15:54...creating table notes
2020-05-25 12:15:54...creating Relationship Meta for Note
2020-05-25 12:15:54...processing table calls
2020-05-25 12:15:54...creating table calls
2020-05-25 12:15:54...creating Relationship Meta for Call
2020-05-25 12:15:55...processing table emails
2020-05-25 12:15:55...creating table emails
2020-05-25 12:15:55...creating Relationship Meta for Email
2020-05-25 12:15:55...processing table meetings
2020-05-25 12:15:55...creating table meetings
2020-05-25 12:15:55...creating Relationship Meta for Meeting
2020-05-25 12:15:55...processing table tasks
2020-05-25 12:15:55...creating table tasks
2020-05-25 12:15:55...creating Relationship Meta for Task
2020-05-25 12:15:55...processing table users
2020-05-25 12:15:55...processing table users
2020-05-25 12:15:55...processing table currencies
2020-05-25 12:15:55...creating table currencies
2020-05-25 12:15:55...creating Relationship Meta for Currency
2020-05-25 12:15:55...processing table tracker
2020-05-25 12:15:55...creating table tracker
2020-05-25 12:15:55...creating Relationship Meta for Tracker
2020-05-25 12:15:55...processing table import_maps
2020-05-25 12:15:55...creating table import_maps
2020-05-25 12:15:55...creating Relationship Meta for ImportMap
2020-05-25 12:15:55...processing table users_last_import
2020-05-25 12:15:55...creating table users_last_import
2020-05-25 12:15:55...creating Relationship Meta for UsersLastImport
2020-05-25 12:15:55...processing table config
2020-05-25 12:15:55...creating table config
2020-05-25 12:15:55...creating Relationship Meta for Administration
2020-05-25 12:15:55...processing table upgrade_history
2020-05-25 12:15:55...creating table upgrade_history
2020-05-25 12:15:55...creating Relationship Meta for UpgradeHistory
2020-05-25 12:15:55...processing table vcals
2020-05-25 12:15:55...creating table vcals
2020-05-25 12:15:55...creating Relationship Meta for vCal
2020-05-25 12:15:55...processing table alerts
2020-05-25 12:15:55...creating table alerts
2020-05-25 12:15:55...creating Relationship Meta for Alert
2020-05-25 12:15:55...processing table roles
2020-05-25 12:15:55...creating table roles
2020-05-25 12:15:55...creating Relationship Meta for Role
2020-05-25 12:15:55...processing table documents
2020-05-25 12:15:55...creating table documents
2020-05-25 12:15:55...creating Relationship Meta for Document
2020-05-25 12:15:55...processing table document_revisions
2020-05-25 12:15:56...creating table document_revisions
2020-05-25 12:15:56...creating Relationship Meta for DocumentRevision
2020-05-25 12:15:56...processing table fields_meta_data
2020-05-25 12:15:56...creating table fields_meta_data
2020-05-25 12:15:56...creating Relationship Meta for FieldsMetaData
2020-05-25 12:15:56...processing table inbound_email
2020-05-25 12:15:56...creating table inbound_email
2020-05-25 12:15:56...creating Relationship Meta for InboundEmail
2020-05-25 12:15:56...processing table saved_search
2020-05-25 12:15:56...creating table saved_search
2020-05-25 12:15:56...creating Relationship Meta for SavedSearch
2020-05-25 12:15:56...processing table user_preferences
2020-05-25 12:15:56...creating table user_preferences
2020-05-25 12:15:56...creating Relationship Meta for UserPreference
2020-05-25 12:15:56...processing table 
2020-05-25 12:15:56...processing table email_addresses
2020-05-25 12:15:56...creating table email_addresses
2020-05-25 12:15:56...creating Relationship Meta for EmailAddress
2020-05-25 12:15:56...processing table emails_text
2020-05-25 12:15:56...creating table emails_text
2020-05-25 12:15:56...creating Relationship Meta for EmailText
2020-05-25 12:15:56...processing table spots
2020-05-25 12:15:56...creating table spots
2020-05-25 12:15:56...creating Relationship Meta for Spots
2020-05-25 12:15:56...processing table aobh_businesshours
2020-05-25 12:15:56...creating table aobh_businesshours
2020-05-25 12:15:56...creating Relationship Meta for AOBH_BusinessHours
2020-05-25 12:15:56...processing table sugarfeed
2020-05-25 12:15:56...creating table sugarfeed
2020-05-25 12:15:56...creating Relationship Meta for SugarFeed
2020-05-25 12:15:56...processing table eapm
2020-05-25 12:15:56...creating table eapm
2020-05-25 12:15:56...creating Relationship Meta for EAPM
2020-05-25 12:15:56...processing table oauth_consumer
2020-05-25 12:15:56...creating table oauth_consumer
2020-05-25 12:15:56...creating Relationship Meta for OAuthKey
2020-05-25 12:15:56...processing table oauth_tokens
2020-05-25 12:15:56...creating table oauth_tokens
2020-05-25 12:15:56...creating Relationship Meta for OAuthToken
2020-05-25 12:15:56...processing table am_projecttemplates
2020-05-25 12:15:56...creating table am_projecttemplates
2020-05-25 12:15:56...creating Relationship Meta for AM_ProjectTemplates
2020-05-25 12:15:56...processing table am_tasktemplates
2020-05-25 12:15:57...creating table am_tasktemplates
2020-05-25 12:15:57...creating Relationship Meta for AM_TaskTemplates
2020-05-25 12:15:57...processing table favorites
2020-05-25 12:15:57...creating table favorites
2020-05-25 12:15:57...creating Relationship Meta for Favorites
2020-05-25 12:15:57...processing table aok_knowledge_base_categories
2020-05-25 12:15:57...creating table aok_knowledge_base_categories
2020-05-25 12:15:57...creating Relationship Meta for AOK_Knowledge_Base_Categories
2020-05-25 12:15:57...processing table aok_knowledgebase
2020-05-25 12:15:57...creating table aok_knowledgebase
2020-05-25 12:15:57...creating Relationship Meta for AOK_KnowledgeBase
2020-05-25 12:15:57...processing table reminders
2020-05-25 12:15:57...creating table reminders
2020-05-25 12:15:57...creating Relationship Meta for Reminder
2020-05-25 12:15:57...processing table reminders_invitees
2020-05-25 12:15:57...creating table reminders_invitees
2020-05-25 12:15:57...creating Relationship Meta for Reminder_Invitee
2020-05-25 12:15:57...processing table fp_events
2020-05-25 12:15:57...creating table fp_events
2020-05-25 12:15:57...creating Relationship Meta for FP_events
2020-05-25 12:15:57...processing table fp_event_locations
2020-05-25 12:15:57...creating table fp_event_locations
2020-05-25 12:15:57...creating Relationship Meta for FP_Event_Locations
2020-05-25 12:15:57...processing table aod_indexevent
2020-05-25 12:15:57...creating table aod_indexevent
2020-05-25 12:15:57...creating Relationship Meta for AOD_IndexEvent
2020-05-25 12:15:57...processing table aod_index
2020-05-25 12:15:58...creating table aod_index
2020-05-25 12:15:58...creating Relationship Meta for AOD_Index
2020-05-25 12:15:58...processing table aop_case_events
2020-05-25 12:15:58...creating table aop_case_events
2020-05-25 12:15:58...creating Relationship Meta for AOP_Case_Events
2020-05-25 12:15:58...processing table aop_case_updates
2020-05-25 12:15:58...creating table aop_case_updates
2020-05-25 12:15:58...creating Relationship Meta for AOP_Case_Updates
2020-05-25 12:15:58...processing table aor_reports
2020-05-25 12:15:58...creating table aor_reports
2020-05-25 12:15:58...creating Relationship Meta for AOR_Report
2020-05-25 12:15:58...processing table aor_fields
2020-05-25 12:15:58...creating table aor_fields
2020-05-25 12:15:58...creating Relationship Meta for AOR_Field
2020-05-25 12:15:58...processing table aor_charts
2020-05-25 12:15:58...creating table aor_charts
2020-05-25 12:15:58...creating Relationship Meta for AOR_Chart
2020-05-25 12:15:58...processing table aor_conditions
2020-05-25 12:15:58...creating table aor_conditions
2020-05-25 12:15:58...creating Relationship Meta for AOR_Condition
2020-05-25 12:15:58...processing table aor_scheduled_reports
2020-05-25 12:15:58...creating table aor_scheduled_reports
2020-05-25 12:15:58...creating Relationship Meta for AOR_Scheduled_Reports
2020-05-25 12:15:58...processing table aos_contracts
2020-05-25 12:15:59...creating table aos_contracts
2020-05-25 12:15:59...creating Relationship Meta for AOS_Contracts
2020-05-25 12:15:59...processing table aos_invoices
2020-05-25 12:15:59...creating table aos_invoices
2020-05-25 12:15:59...creating Relationship Meta for AOS_Invoices
2020-05-25 12:15:59...processing table aos_pdf_templates
2020-05-25 12:15:59...creating table aos_pdf_templates
2020-05-25 12:15:59...creating Relationship Meta for AOS_PDF_Templates
2020-05-25 12:15:59...processing table aos_product_categories
2020-05-25 12:15:59...creating table aos_product_categories
2020-05-25 12:15:59...creating Relationship Meta for AOS_Product_Categories
2020-05-25 12:15:59...processing table aos_products
2020-05-25 12:15:59...creating table aos_products
2020-05-25 12:15:59...creating Relationship Meta for AOS_Products
2020-05-25 12:15:59...processing table aos_products_quotes
2020-05-25 12:15:59...creating table aos_products_quotes
2020-05-25 12:15:59...creating Relationship Meta for AOS_Products_Quotes
2020-05-25 12:15:59...processing table aos_line_item_groups
2020-05-25 12:15:59...creating table aos_line_item_groups
2020-05-25 12:15:59...creating Relationship Meta for AOS_Line_Item_Groups
2020-05-25 12:15:59...processing table aos_quotes
2020-05-25 12:15:59...creating table aos_quotes
2020-05-25 12:15:59...creating Relationship Meta for AOS_Quotes
2020-05-25 12:15:59...processing table aow_actions
2020-05-25 12:15:59...creating table aow_actions
2020-05-25 12:15:59...creating Relationship Meta for AOW_Action
2020-05-25 12:16:00...processing table aow_workflow
2020-05-25 12:16:00...creating table aow_workflow
2020-05-25 12:16:00...creating Relationship Meta for AOW_WorkFlow
2020-05-25 12:16:00...processing table aow_processed
2020-05-25 12:16:00...creating table aow_processed
2020-05-25 12:16:00...creating Relationship Meta for AOW_Processed
2020-05-25 12:16:00...processing table aow_conditions
2020-05-25 12:16:00...creating table aow_conditions
2020-05-25 12:16:00...creating Relationship Meta for AOW_Condition
2020-05-25 12:16:00...processing table jjwg_maps
2020-05-25 12:16:00...creating table jjwg_maps
2020-05-25 12:16:00...creating Relationship Meta for jjwg_Maps
2020-05-25 12:16:00...processing table jjwg_markers
2020-05-25 12:16:00...creating table jjwg_markers
2020-05-25 12:16:00...creating Relationship Meta for jjwg_Markers
2020-05-25 12:16:00...processing table jjwg_areas
2020-05-25 12:16:00...creating table jjwg_areas
2020-05-25 12:16:00...creating Relationship Meta for jjwg_Areas
2020-05-25 12:16:00...processing table jjwg_address_cache
2020-05-25 12:16:00...creating table jjwg_address_cache
2020-05-25 12:16:00...creating Relationship Meta for jjwg_Address_Cache
2020-05-25 12:16:00...processing table calls_reschedule
2020-05-25 12:16:01...creating table calls_reschedule
2020-05-25 12:16:01...creating Relationship Meta for Calls_Reschedule
2020-05-25 12:16:01...processing table securitygroups
2020-05-25 12:16:01...creating table securitygroups
2020-05-25 12:16:01...creating Relationship Meta for SecurityGroup
2020-05-25 12:16:01...processing table outbound_email
2020-05-25 12:16:01...creating table outbound_email
2020-05-25 12:16:01...creating Relationship Meta for OutboundEmailAccounts
2020-05-25 12:16:01...processing table templatesectionline
2020-05-25 12:16:01...creating table templatesectionline
2020-05-25 12:16:01...creating Relationship Meta for TemplateSectionLine
2020-05-25 12:16:01...processing table oauth2tokens
2020-05-25 12:16:01...creating table oauth2tokens
2020-05-25 12:16:01...creating Relationship Meta for OAuth2Tokens
2020-05-25 12:16:01...processing table oauth2clients
2020-05-25 12:16:01...creating table oauth2clients
2020-05-25 12:16:01...creating Relationship Meta for OAuth2Clients
2020-05-25 12:16:01...processing table surveyresponses
2020-05-25 12:16:01...creating table surveyresponses
2020-05-25 12:16:01...creating Relationship Meta for SurveyResponses
2020-05-25 12:16:01...processing table surveys
2020-05-25 12:16:02...creating table surveys
2020-05-25 12:16:02...creating Relationship Meta for Surveys
2020-05-25 12:16:02...processing table surveyquestionresponses
2020-05-25 12:16:02...creating table surveyquestionresponses
2020-05-25 12:16:02...creating Relationship Meta for SurveyQuestionResponses
2020-05-25 12:16:02...processing table surveyquestions
2020-05-25 12:16:02...creating table surveyquestions
2020-05-25 12:16:02...creating Relationship Meta for SurveyQuestions
2020-05-25 12:16:02...processing table surveyquestionoptions
2020-05-25 12:16:02...creating table surveyquestionoptions
2020-05-25 12:16:02...creating Relationship Meta for SurveyQuestionOptions
2020-05-25 12:16:05...Begin creating Defaults
2020-05-25 12:16:05...insert defaults into config table
2020-05-25 12:16:05...Creating default users
2020-05-25 12:16:05...Creating default scheduler jobs
2020-05-25 12:16:05...Creating default encryption key...
2020-05-25 12:16:05...Enable SugarFeeds
2020-05-25 12:16:06...Installation has completed *********
2020-05-25 12:16:11...populating the db with seed data
2020-05-25 12:16:11...Save configuration settings..
2020-05-25 12:16:11...save locale
2020-05-25 12:16:11...new Administration
2020-05-25 12:16:11...retrieveSettings
2020-05-25 12:16:11...AdminWizard OFF
2020-05-25 12:16:11...saveConfig
2020-05-25 12:16:11...new Configurator
2020-05-25 12:16:11...populateFromPost
2020-05-25 12:16:11...handleOverride
2020-05-25 12:16:11...addCronAllowedUser
2020-05-25 12:16:11...saveConfig
2020-05-25 12:16:11...new Currency
2020-05-25 12:16:11...retrieve
2020-05-25 12:16:11...DBG: save currency
2020-05-25 12:16:11...Save user settings..
2020-05-25 12:16:11...DBG: SugarThemeRegistry::getDefault
2020-05-25 12:16:41...installerHook: Info: custom/install/install_hooks.php not present, no custom hooks to execute